./gradlew : WARNING: A 
restricted method in 
java.lang.System has been 
called
En línea: 1 Carácter: 1
+ ./gradlew 
:app:compileDebugKotlin 
--info 2>&1 | Out-File 
compile_debu ...
+ ~~~~~~~~~~~~~~~~~~~~~~~~~~~
~~~~~~~~~~~~~~~~~~
    + CategoryInfo           
   : NotSpecified: (WARNING  
  : A rest...has been call   
 ed:String) [], RemoteExc    
eption
    + FullyQualifiedErrorId  
   : NativeCommandError
 
WARNING: 
java.lang.System::load has 
been called by net.rubygrapef
ruit.platform.internal.Native
LibraryLoader in an unnamed 
module (file:/C:/Users/USER/.
gradle/wrapper/dists/gradle-8
.13-bin/5xuhj0ry160q40clulazy
9h7d/gradle-8.13/lib/native-p
latform-0.22-milestone-28.jar
)
WARNING: Use --enable-native-
access=ALL-UNNAMED to avoid 
a warning for callers in 
this module
WARNING: Restricted methods 
will be blocked in a future 
release unless native access 
is enabled

Initialized native services in: C:\Users\USER\.gradle\native
Initialized jansi services in: C:\Users\USER\.gradle\native
Found daemon DaemonInfo{pid=22032, address=[1702117c-0ec9-4bc1-85b9-a619eff8cb74 port:61291, addresses:[/127.0.0.1]], state=Idle, lastBusy=1764041644327, context=DefaultDaemonContext[uid=5dfeed05-1a0a-4fd3-b774-f0d46521bab2,javaHome=C:\Program Files\Android\Android Studio\jbr,javaVersion=21,javaVendor=JetBrains s.r.o.,daemonRegistryDir=C:\Users\USER\.gradle\daemon,pid=22032,idleTimeout=10800000,priority=NORMAL,applyInstrumentationAgent=true,nativeServicesMode=ENABLED,daemonOpts=-Xmx2048m,-Dfile.encoding=UTF-8,-Duser.country=PE,-Duser.language=es,-Duser.variant]} however its context does not match the desired criteria.
JVM is incompatible.
Wanted: DaemonRequestContext{jvmCriteria=C:\Program Files\Java\jdk-24 (no JDK specified, using current Java home), daemonOpts=[-Xmx2048m, -Dfile.encoding=UTF-8, -Duser.country=PE, -Duser.language=es, -Duser.variant], applyInstrumentationAgent=true, nativeServicesMode=ENABLED, priority=NORMAL}
Actual: DefaultDaemonContext[uid=5dfeed05-1a0a-4fd3-b774-f0d46521bab2,javaHome=C:\Program Files\Android\Android Studio\jbr,javaVersion=21,javaVendor=JetBrains s.r.o.,daemonRegistryDir=C:\Users\USER\.gradle\daemon,pid=22032,idleTimeout=10800000,priority=NORMAL,applyInstrumentationAgent=true,nativeServicesMode=ENABLED,daemonOpts=-Xmx2048m,-Dfile.encoding=UTF-8,-Duser.country=PE,-Duser.language=es,-Duser.variant]

  Looking for a different daemon...
The client will now receive all logging from the daemon (pid: 16108). The daemon log file: C:\Users\USER\.gradle\daemon\8.13\daemon-16108.out.log
Starting 20th build in daemon [uptime: 16 mins 53.459 secs, performance: 99%, GC rate: 0.00/s, heap usage: 0% of 2 GiB]
Using 12 worker leases.
Now considering [C:\Users\USER\AndroidStudioProjects\MvvmNexus] as hierarchies to watch
Watching the file system is configured to be enabled if available
File system watching is active
Starting Build
Settings evaluated using settings file 'C:\Users\USER\AndroidStudioProjects\MvvmNexus\settings.gradle.kts'.
Projects loaded. Root project using build file 'C:\Users\USER\AndroidStudioProjects\MvvmNexus\build.gradle.kts'.
Included projects: [root project 'MvvmNexus', project ':app']

> Configure project :
Evaluating root project 'MvvmNexus' using build file 'C:\Users\USER\AndroidStudioProjects\MvvmNexus\build.gradle.kts'.
Resolved plugin [id: 'com.android.application', version: '8.13.0', apply: false]
Resolved plugin [id: 'org.jetbrains.kotlin.android', version: '2.0.21', apply: false]
Resolved plugin [id: 'com.google.gms.google-services', version: '4.4.4', apply: false]

> Configure project :app
Evaluating project ':app' using build file 'C:\Users\USER\AndroidStudioProjects\MvvmNexus\app\build.gradle.kts'.
Resolved plugin [id: 'com.android.application', version: '8.13.0']
Resolved plugin [id: 'org.jetbrains.kotlin.android', version: '2.0.21']
Resolved plugin [id: 'org.jetbrains.kotlin.plugin.compose', version: '2.0.21']
Resolved plugin [id: 'com.google.gms.google-services', version: '4.4.4']
Resolved plugin [id: 'com.google.devtools.ksp', version: '2.0.21-1.0.27']
Using default execution profile
Using Kotlin Gradle Plugin gradle85 variant
Detected Android Gradle Plugin compose compiler configuration
Detected Android Gradle Plugin compose compiler configuration
Detected Android Gradle Plugin compose compiler configuration
Detected Android Gradle Plugin compose compiler configuration
Detected Android Gradle Plugin compose compiler configuration
All projects evaluated.
Task path ':app:compileDebugKotlin' matched project ':app'
Task name matched 'compileDebugKotlin'
Adding -Xuse-inline-scopes-numbers Kotlin compiler flag for task :app:compileDebugKotlin
Selected primary task 'compileDebugKotlin' from project :app
Tasks to be executed: [task ':app:checkKotlinGradlePluginConfigurationErrors', task ':app:preBuild', task ':app:preDebugBuild', task ':app:checkDebugAarMetadata', task ':app:processDebugNavigationResources', task ':app:compileDebugNavigationResources', task ':app:generateDebugResValues', task ':app:processDebugGoogleServices', task ':app:mapDebugSourceSetPaths', task ':app:generateDebugResources', task ':app:mergeDebugResources', task ':app:packageDebugResources', task ':app:parseDebugLocalResources', task ':app:createDebugCompatibleScreenManifests', task ':app:extractDeepLinksDebug', task ':app:processDebugMainManifest', task ':app:processDebugManifest', task ':app:processDebugManifestForPackage', task ':app:processDebugResources', task ':app:kspDebugKotlin', task ':app:compileDebugKotlin']
Tasks that were excluded: []
Resolve mutations for :app:checkKotlinGradlePluginConfigurationErrors (Thread[#2456,Execution worker,5,main]) started.
:app:checkKotlinGradlePluginConfigurationErrors (Thread[#2456,Execution worker,5,main]) started.

> Task :app:checkKotlinGradlePluginConfigurationErrors SKIPPED
Skipping task ':app:checkKotlinGradlePluginConfigurationErrors' as task onlyIf 'errorDiagnostics are present' is false.
Resolve mutations for :app:preBuild (Thread[#2456,Execution worker,5,main]) started.
:app:preBuild (Thread[#2456,Execution worker,5,main]) started.

> Task :app:preBuild UP-TO-DATE
Skipping task ':app:preBuild' as it has no actions.
Resolve mutations for :app:preDebugBuild (Thread[#2456,Execution worker,5,main]) started.
:app:preDebugBuild (Thread[#2456,Execution worker,5,main]) started.

> Task :app:preDebugBuild UP-TO-DATE
Skipping task ':app:preDebugBuild' as it has no actions.
Resolve mutations for :app:checkDebugAarMetadata (Thread[#2456,Execution worker,5,main]) started.
:app:checkDebugAarMetadata (Thread[#2456,Execution worker,5,main]) started.

> Task :app:checkDebugAarMetadata UP-TO-DATE
Caching disabled for task ':app:checkDebugAarMetadata' because:
  Build cache is disabled
  Caching has been disabled for the task
Skipping task ':app:checkDebugAarMetadata' as it is up-to-date.
Resolve mutations for :app:processDebugNavigationResources (Thread[#2456,Execution worker,5,main]) started.
:app:processDebugNavigationResources (Thread[#2456,Execution worker,5,main]) started.

> Task :app:processDebugNavigationResources UP-TO-DATE
Caching disabled for task ':app:processDebugNavigationResources' because:
  Build cache is disabled
Skipping task ':app:processDebugNavigationResources' as it is up-to-date.
Resolve mutations for :app:compileDebugNavigationResources (Thread[#2456,Execution worker,5,main]) started.
:app:compileDebugNavigationResources (Thread[#2456,Execution worker,5,main]) started.

> Task :app:compileDebugNavigationResources UP-TO-DATE
Caching disabled for task ':app:compileDebugNavigationResources' because:
  Build cache is disabled
Skipping task ':app:compileDebugNavigationResources' as it is up-to-date.
Resolve mutations for :app:generateDebugResValues (Thread[#2456,Execution worker,5,main]) started.
:app:generateDebugResValues (Thread[#2456,Execution worker,5,main]) started.

> Task :app:generateDebugResValues UP-TO-DATE
Caching disabled for task ':app:generateDebugResValues' because:
  Build cache is disabled
Skipping task ':app:generateDebugResValues' as it is up-to-date.
Resolve mutations for :app:processDebugGoogleServices (Thread[#2456,Execution worker,5,main]) started.
:app:processDebugGoogleServices (Thread[#2456,Execution worker,5,main]) started.

> Task :app:processDebugGoogleServices UP-TO-DATE
Caching disabled for task ':app:processDebugGoogleServices' because:
  Build cache is disabled
Skipping task ':app:processDebugGoogleServices' as it is up-to-date.
Resolve mutations for :app:mapDebugSourceSetPaths (Thread[#2456,Execution worker,5,main]) started.
:app:mapDebugSourceSetPaths (Thread[#2456,Execution worker,5,main]) started.

> Task :app:mapDebugSourceSetPaths UP-TO-DATE
Caching disabled for task ':app:mapDebugSourceSetPaths' because:
  Build cache is disabled
  Caching has been disabled for the task
Skipping task ':app:mapDebugSourceSetPaths' as it is up-to-date.
Resolve mutations for :app:generateDebugResources (Thread[#2456,Execution worker,5,main]) started.
:app:generateDebugResources (Thread[#2456,Execution worker,5,main]) started.

> Task :app:generateDebugResources UP-TO-DATE
Caching disabled for task ':app:generateDebugResources' because:
  Build cache is disabled
Skipping task ':app:generateDebugResources' as it is up-to-date.
Resolve mutations for :app:mergeDebugResources (Thread[#2456,Execution worker,5,main]) started.
:app:mergeDebugResources (Thread[#2456,Execution worker,5,main]) started.

> Task :app:mergeDebugResources UP-TO-DATE
Caching disabled for task ':app:mergeDebugResources' because:
  Build cache is disabled
Skipping task ':app:mergeDebugResources' as it is up-to-date.
Resolve mutations for :app:packageDebugResources (Thread[#2456,Execution worker,5,main]) started.
:app:packageDebugResources (Thread[#2456,Execution worker,5,main]) started.

> Task :app:packageDebugResources UP-TO-DATE
Caching disabled for task ':app:packageDebugResources' because:
  Build cache is disabled
Skipping task ':app:packageDebugResources' as it is up-to-date.
Resolve mutations for :app:parseDebugLocalResources (Thread[#2456,Execution worker,5,main]) started.
:app:parseDebugLocalResources (Thread[#2456,Execution worker,5,main]) started.

> Task :app:parseDebugLocalResources UP-TO-DATE
Caching disabled for task ':app:parseDebugLocalResources' because:
  Build cache is disabled
Skipping task ':app:parseDebugLocalResources' as it is up-to-date.
Resolve mutations for :app:createDebugCompatibleScreenManifests (Thread[#2456,Execution worker,5,main]) started.
:app:createDebugCompatibleScreenManifests (Thread[#2456,Execution worker,5,main]) started.

> Task :app:createDebugCompatibleScreenManifests UP-TO-DATE
Caching disabled for task ':app:createDebugCompatibleScreenManifests' because:
  Build cache is disabled
  Caching has been disabled for the task
Skipping task ':app:createDebugCompatibleScreenManifests' as it is up-to-date.
Resolve mutations for :app:extractDeepLinksDebug (Thread[#2456,Execution worker,5,main]) started.
:app:extractDeepLinksDebug (Thread[#2456,Execution worker,5,main]) started.

> Task :app:extractDeepLinksDebug UP-TO-DATE
Caching disabled for task ':app:extractDeepLinksDebug' because:
  Build cache is disabled
Skipping task ':app:extractDeepLinksDebug' as it is up-to-date.
Resolve mutations for :app:processDebugMainManifest (Thread[#2456,Execution worker,5,main]) started.
:app:processDebugMainManifest (Thread[#2456,Execution worker,5,main]) started.

> Task :app:processDebugMainManifest UP-TO-DATE
Caching disabled for task ':app:processDebugMainManifest' because:
  Build cache is disabled
Skipping task ':app:processDebugMainManifest' as it is up-to-date.
Resolve mutations for :app:processDebugManifest (Thread[#2456,Execution worker,5,main]) started.
:app:processDebugManifest (Thread[#2456,Execution worker,5,main]) started.

> Task :app:processDebugManifest UP-TO-DATE
Caching disabled for task ':app:processDebugManifest' because:
  Build cache is disabled
Skipping task ':app:processDebugManifest' as it is up-to-date.
Resolve mutations for :app:processDebugManifestForPackage (Thread[#2456,Execution worker,5,main]) started.
:app:processDebugManifestForPackage (Thread[#2456,Execution worker,5,main]) started.

> Task :app:processDebugManifestForPackage UP-TO-DATE
Custom actions are attached to task ':app:processDebugManifestForPackage'.
Caching disabled for task ':app:processDebugManifestForPackage' because:
  Build cache is disabled
Skipping task ':app:processDebugManifestForPackage' as it is up-to-date.
Resolve mutations for :app:processDebugResources (Thread[#2456,Execution worker,5,main]) started.
:app:processDebugResources (Thread[#2456,Execution worker,5,main]) started.

> Task :app:processDebugResources UP-TO-DATE
Registered task dependencies: app:debugCompileClasspath
Skipping misunderstood TO dep string: androidx.compose.ui:ui-tooling
Skipping misunderstood TO dep string: org.jetbrains.kotlin:kotlin-stdlib
Skipping misunderstood TO dep string: org.jetbrains.kotlin:kotlin-stdlib
Skipping misunderstood TO dep string: org.jetbrains.kotlin:kotlin-stdlib
Skipping misunderstood TO dep string: org.jetbrains.kotlin:kotlin-stdlib
Skipping misunderstood TO dep string: androidx.compose.ui:ui-test-manifest
Skipping misunderstood TO dep string: androidx.compose.ui:ui
Skipping misunderstood TO dep string: androidx.compose.ui:ui-graphics
Skipping misunderstood TO dep string: androidx.compose.ui:ui-tooling-preview
Skipping misunderstood TO dep string: androidx.compose.runtime:runtime-livedata
Skipping misunderstood TO dep string: androidx.compose.material3:material3
Skipping misunderstood TO dep string: com.google.firebase:firebase-auth
Skipping misunderstood TO dep string: com.google.firebase:firebase-analytics
Starting dependency analysis
Caching disabled for task ':app:processDebugResources' because:
  Build cache is disabled
Skipping task ':app:processDebugResources' as it is up-to-date.
Resolve mutations for :app:kspDebugKotlin (Thread[#2456,Execution worker,5,main]) started.
:app:kspDebugKotlin (Thread[#2456,Execution worker,5,main]) started.

> Task :app:kspDebugKotlin UP-TO-DATE
file or directory 'C:\Users\USER\AndroidStudioProjects\MvvmNexus\app\src\debug\kotlin', not found
file or directory 'C:\Users\USER\AndroidStudioProjects\MvvmNexus\app\src\debug\java', not found
file or directory 'C:\Users\USER\AndroidStudioProjects\MvvmNexus\app\src\main\kotlin', not found
file or directory 'C:\Users\USER\AndroidStudioProjects\MvvmNexus\app\src\debug\java', not found
Adding -Xuse-inline-scopes-numbers Kotlin compiler flag for task :app:compileDebugAndroidTestKotlin
GradleBuildProject.Builder should not be accessed through AnalyticsConfiguratorService after AnalyticsService is created. Analytics information of this build might be incomplete.
Registered task dependencies: app:kotlinCompilerClasspath
Starting dependency analysis
file or directory 'C:\Users\USER\AndroidStudioProjects\MvvmNexus\app\src\debug\kotlin', not found
file or directory 'C:\Users\USER\AndroidStudioProjects\MvvmNexus\app\src\debug\java', not found
file or directory 'C:\Users\USER\AndroidStudioProjects\MvvmNexus\app\src\main\kotlin', not found
file or directory 'C:\Users\USER\AndroidStudioProjects\MvvmNexus\app\src\debug\java', not found
Caching disabled for task ':app:kspDebugKotlin' because:
  Build cache is disabled
Skipping task ':app:kspDebugKotlin' as it is up-to-date.
Resolve mutations for :app:compileDebugKotlin (Thread[#2456,Execution worker,5,main]) started.
:app:compileDebugKotlin (Thread[#2456,Execution worker,5,main]) started.

> Task :app:compileDebugKotlin FAILED
Registered task dependencies: app:kotlinCompilerPluginClasspathDebug
Starting dependency analysis
Caching disabled for task ':app:compileDebugKotlin' because:
  Build cache is disabled
Task ':app:compileDebugKotlin' is not up-to-date because:
  Task has failed previously.
The input changes require a full rebuild for incremental task ':app:compileDebugKotlin'.
file or directory 'C:\Users\USER\AndroidStudioProjects\MvvmNexus\app\src\debug\kotlin', not found
file or directory 'C:\Users\USER\AndroidStudioProjects\MvvmNexus\app\src\debug\java', not found
file or directory 'C:\Users\USER\AndroidStudioProjects\MvvmNexus\app\src\debug\kotlin', not found
file or directory 'C:\Users\USER\AndroidStudioProjects\MvvmNexus\app\src\debug\java', not found
file or directory 'C:\Users\USER\AndroidStudioProjects\MvvmNexus\app\src\debug\kotlin', not found
file or directory 'C:\Users\USER\AndroidStudioProjects\MvvmNexus\app\src\debug\java', not found
file or directory 'C:\Users\USER\AndroidStudioProjects\MvvmNexus\app\src\main\kotlin', not found
file or directory 'C:\Users\USER\AndroidStudioProjects\MvvmNexus\app\src\main\kotlin', not found
file or directory 'C:\Users\USER\AndroidStudioProjects\MvvmNexus\app\src\main\kotlin', not found
file or directory 'C:\Users\USER\AndroidStudioProjects\MvvmNexus\app\src\debug\java', not found
file or directory 'C:\Users\USER\AndroidStudioProjects\MvvmNexus\app\src\debug\kotlin', not found
file or directory 'C:\Users\USER\AndroidStudioProjects\MvvmNexus\app\src\debug\java', not found
file or directory 'C:\Users\USER\AndroidStudioProjects\MvvmNexus\app\src\debug\kotlin', not found
file or directory 'C:\Users\USER\AndroidStudioProjects\MvvmNexus\app\src\debug\java', not found
file or directory 'C:\Users\USER\AndroidStudioProjects\MvvmNexus\app\src\debug\kotlin', not found
file or directory 'C:\Users\USER\AndroidStudioProjects\MvvmNexus\app\src\debug\java', not found
file or directory 'C:\Users\USER\AndroidStudioProjects\MvvmNexus\app\src\main\kotlin', not found
file or directory 'C:\Users\USER\AndroidStudioProjects\MvvmNexus\app\src\debug\kotlin', not found
file or directory 'C:\Users\USER\AndroidStudioProjects\MvvmNexus\app\src\debug\java', not found
file or directory 'C:\Users\USER\AndroidStudioProjects\MvvmNexus\app\src\debug\kotlin', not found
file or directory 'C:\Users\USER\AndroidStudioProjects\MvvmNexus\app\src\debug\java', not found
file or directory 'C:\Users\USER\AndroidStudioProjects\MvvmNexus\app\src\debug\kotlin', not found
file or directory 'C:\Users\USER\AndroidStudioProjects\MvvmNexus\app\src\debug\java', not found
file or directory 'C:\Users\USER\AndroidStudioProjects\MvvmNexus\app\src\main\kotlin', not found
file or directory 'C:\Users\USER\AndroidStudioProjects\MvvmNexus\app\src\main\kotlin', not found
file or directory 'C:\Users\USER\AndroidStudioProjects\MvvmNexus\app\src\main\kotlin', not found
file or directory 'C:\Users\USER\AndroidStudioProjects\MvvmNexus\app\src\debug\java', not found
file or directory 'C:\Users\USER\AndroidStudioProjects\MvvmNexus\app\src\debug\kotlin', not found
file or directory 'C:\Users\USER\AndroidStudioProjects\MvvmNexus\app\src\debug\java', not found
file or directory 'C:\Users\USER\AndroidStudioProjects\MvvmNexus\app\src\debug\kotlin', not found
file or directory 'C:\Users\USER\AndroidStudioProjects\MvvmNexus\app\src\debug\java', not found
file or directory 'C:\Users\USER\AndroidStudioProjects\MvvmNexus\app\src\debug\kotlin', not found
file or directory 'C:\Users\USER\AndroidStudioProjects\MvvmNexus\app\src\debug\java', not found
file or directory 'C:\Users\USER\AndroidStudioProjects\MvvmNexus\app\src\main\kotlin', not found
file or directory 'C:\Users\USER\AndroidStudioProjects\MvvmNexus\app\src\main\kotlin', not found
file or directory 'C:\Users\USER\AndroidStudioProjects\MvvmNexus\app\src\main\kotlin', not found
file or directory 'C:\Users\USER\AndroidStudioProjects\MvvmNexus\app\src\debug\java', not found
file or directory 'C:\Users\USER\AndroidStudioProjects\MvvmNexus\app\src\debug\kotlin', not found
file or directory 'C:\Users\USER\AndroidStudioProjects\MvvmNexus\app\src\debug\java', not found
file or directory 'C:\Users\USER\AndroidStudioProjects\MvvmNexus\app\src\debug\kotlin', not found
file or directory 'C:\Users\USER\AndroidStudioProjects\MvvmNexus\app\src\debug\java', not found
file or directory 'C:\Users\USER\AndroidStudioProjects\MvvmNexus\app\src\debug\kotlin', not found
file or directory 'C:\Users\USER\AndroidStudioProjects\MvvmNexus\app\src\debug\java', not found
file or directory 'C:\Users\USER\AndroidStudioProjects\MvvmNexus\app\src\main\kotlin', not found
file or directory 'C:\Users\USER\AndroidStudioProjects\MvvmNexus\app\src\main\kotlin', not found
file or directory 'C:\Users\USER\AndroidStudioProjects\MvvmNexus\app\src\main\kotlin', not found
file or directory 'C:\Users\USER\AndroidStudioProjects\MvvmNexus\app\src\debug\java', not found
Kotlin source files: C:\Users\USER\AndroidStudioProjects\MvvmNexus\app\src\main\java\com\wilder\mvvmnexus\data\database\AppDatabase.kt, C:\Users\USER\AndroidStudioProjects\MvvmNexus\app\src\main\java\com\wilder\mvvmnexus\data\database\dao\CarritoDao.kt, C:\Users\USER\AndroidStudioProjects\MvvmNexus\app\src\main\java\com\wilder\mvvmnexus\data\database\dao\UsuarioDao.kt, C:\Users\USER\AndroidStudioProjects\MvvmNexus\app\src\main\java\com\wilder\mvvmnexus\data\database\entities\CarritoEntity.kt, C:\Users\USER\AndroidStudioProjects\MvvmNexus\app\src\main\java\com\wilder\mvvmnexus\data\database\entities\UsuarioEntity.kt, C:\Users\USER\AndroidStudioProjects\MvvmNexus\app\src\main\java\com\wilder\mvvmnexus\data\model\ProductoModel.kt, C:\Users\USER\AndroidStudioProjects\MvvmNexus\app\src\main\java\com\wilder\mvvmnexus\data\network\ProductoApiClient.kt, C:\Users\USER\AndroidStudioProjects\MvvmNexus\app\src\main\java\com\wilder\mvvmnexus\data\network\ProductoApiService.kt, C:\Users\USER\AndroidStudioProjects\MvvmNexus\app\src\main\java\com\wilder\mvvmnexus\data\network\ServicioGoogleSignIn.kt, C:\Users\USER\AndroidStudioProjects\MvvmNexus\app\src\main\java\com\wilder\mvvmnexus\data\repository\ProductoRepositoryImpl.kt, C:\Users\USER\AndroidStudioProjects\MvvmNexus\app\src\main\java\com\wilder\mvvmnexus\data\repository\RepositorioCarritoImpl.kt, C:\Users\USER\AndroidStudioProjects\MvvmNexus\app\src\main\java\com\wilder\mvvmnexus\data\repository\RepositorioFirebaseAuth.kt, C:\Users\USER\AndroidStudioProjects\MvvmNexus\app\src\main\java\com\wilder\mvvmnexus\domain\model\CarritoItem.kt, C:\Users\USER\AndroidStudioProjects\MvvmNexus\app\src\main\java\com\wilder\mvvmnexus\domain\model\EstadoAuth.kt, C:\Users\USER\AndroidStudioProjects\MvvmNexus\app\src\main\java\com\wilder\mvvmnexus\domain\model\Producto.kt, C:\Users\USER\AndroidStudioProjects\MvvmNexus\app\src\main\java\com\wilder\mvvmnexus\domain\model\ResultadoAuth.kt, C:\Users\USER\AndroidStudioProjects\MvvmNexus\app\src\main\java\com\wilder\mvvmnexus\domain\model\Usuario.kt, C:\Users\USER\AndroidStudioProjects\MvvmNexus\app\src\main\java\com\wilder\mvvmnexus\domain\repository\ProductoRepository.kt, C:\Users\USER\AndroidStudioProjects\MvvmNexus\app\src\main\java\com\wilder\mvvmnexus\domain\repository\RepositorioAuth.kt, C:\Users\USER\AndroidStudioProjects\MvvmNexus\app\src\main\java\com\wilder\mvvmnexus\domain\repository\RepositorioCarrito.kt, C:\Users\USER\AndroidStudioProjects\MvvmNexus\app\src\main\java\com\wilder\mvvmnexus\domain\usecase\CasosUsoAuth.kt, C:\Users\USER\AndroidStudioProjects\MvvmNexus\app\src\main\java\com\wilder\mvvmnexus\domain\usecase\CasosUsoCarrito.kt, C:\Users\USER\AndroidStudioProjects\MvvmNexus\app\src\main\java\com\wilder\mvvmnexus\domain\usecase\ObtenerDetalleProductoUseCase.kt, C:\Users\USER\AndroidStudioProjects\MvvmNexus\app\src\main\java\com\wilder\mvvmnexus\domain\usecase\ObtenerProductosUseCase.kt, C:\Users\USER\AndroidStudioProjects\MvvmNexus\app\src\main\java\com\wilder\mvvmnexus\presentation\compose\components\AppDrawer.kt, C:\Users\USER\AndroidStudioProjects\MvvmNexus\app\src\main\java\com\wilder\mvvmnexus\presentation\compose\components\CommonComponents.kt, C:\Users\USER\AndroidStudioProjects\MvvmNexus\app\src\main\java\com\wilder\mvvmnexus\presentation\compose\components\ProductItem.kt, C:\Users\USER\AndroidStudioProjects\MvvmNexus\app\src\main\java\com\wilder\mvvmnexus\presentation\compose\screens\CartScreen.kt, C:\Users\USER\AndroidStudioProjects\MvvmNexus\app\src\main\java\com\wilder\mvvmnexus\presentation\compose\screens\LoginScreen.kt, C:\Users\USER\AndroidStudioProjects\MvvmNexus\app\src\main\java\com\wilder\mvvmnexus\presentation\compose\screens\ProductDetailScreen.kt, C:\Users\USER\AndroidStudioProjects\MvvmNexus\app\src\main\java\com\wilder\mvvmnexus\presentation\compose\screens\ProductListScreen.kt, C:\Users\USER\AndroidStudioProjects\MvvmNexus\app\src\main\java\com\wilder\mvvmnexus\presentation\compose\screens\ProfileScreen.kt, C:\Users\USER\AndroidStudioProjects\MvvmNexus\app\src\main\java\com\wilder\mvvmnexus\presentation\compose\screens\RegisterScreen.kt, C:\Users\USER\AndroidStudioProjects\MvvmNexus\app\src\main\java\com\wilder\mvvmnexus\presentation\compose\theme\Color.kt, C:\Users\USER\AndroidStudioProjects\MvvmNexus\app\src\main\java\com\wilder\mvvmnexus\presentation\compose\theme\Theme.kt, C:\Users\USER\AndroidStudioProjects\MvvmNexus\app\src\main\java\com\wilder\mvvmnexus\presentation\compose\theme\Type.kt, C:\Users\USER\AndroidStudioProjects\MvvmNexus\app\src\main\java\com\wilder\mvvmnexus\presentation\view\CartActivity.kt, C:\Users\USER\AndroidStudioProjects\MvvmNexus\app\src\main\java\com\wilder\mvvmnexus\presentation\view\DetalleProductoActivity.kt, C:\Users\USER\AndroidStudioProjects\MvvmNexus\app\src\main\java\com\wilder\mvvmnexus\presentation\view\LoginActivity.kt, C:\Users\USER\AndroidStudioProjects\MvvmNexus\app\src\main\java\com\wilder\mvvmnexus\presentation\view\MainActivity.kt, C:\Users\USER\AndroidStudioProjects\MvvmNexus\app\src\main\java\com\wilder\mvvmnexus\presentation\view\ProfileActivity.kt, C:\Users\USER\AndroidStudioProjects\MvvmNexus\app\src\main\java\com\wilder\mvvmnexus\presentation\view\RegistroActivity.kt, C:\Users\USER\AndroidStudioProjects\MvvmNexus\app\src\main\java\com\wilder\mvvmnexus\presentation\viewmodel\AuthViewModel.kt, C:\Users\USER\AndroidStudioProjects\MvvmNexus\app\src\main\java\com\wilder\mvvmnexus\presentation\viewmodel\AuthViewModelFactory.kt, C:\Users\USER\AndroidStudioProjects\MvvmNexus\app\src\main\java\com\wilder\mvvmnexus\presentation\viewmodel\CartViewModel.kt, C:\Users\USER\AndroidStudioProjects\MvvmNexus\app\src\main\java\com\wilder\mvvmnexus\presentation\viewmodel\CartViewModelFactory.kt, C:\Users\USER\AndroidStudioProjects\MvvmNexus\app\src\main\java\com\wilder\mvvmnexus\presentation\viewmodel\DetalleProductoViewModel.kt, C:\Users\USER\AndroidStudioProjects\MvvmNexus\app\src\main\java\com\wilder\mvvmnexus\presentation\viewmodel\DetalleProductoViewModelFactory.kt, C:\Users\USER\AndroidStudioProjects\MvvmNexus\app\src\main\java\com\wilder\mvvmnexus\presentation\viewmodel\MainViewModel.kt, C:\Users\USER\AndroidStudioProjects\MvvmNexus\app\src\main\java\com\wilder\mvvmnexus\presentation\viewmodel\MainViewModelFactory.kt
Java source files: C:\Users\USER\AndroidStudioProjects\MvvmNexus\app\build\generated\ksp\debug\java\com\wilder\mvvmnexus\data\database\AppDatabase_Impl.java, C:\Users\USER\AndroidStudioProjects\MvvmNexus\app\build\generated\ksp\debug\java\com\wilder\mvvmnexus\data\database\dao\CarritoDao_Impl.java, C:\Users\USER\AndroidStudioProjects\MvvmNexus\app\build\generated\ksp\debug\java\com\wilder\mvvmnexus\data\database\dao\UsuarioDao_Impl.java
Script source files: 
Script file extensions: 
Using Kotlin/JVM incremental compilation
[KOTLIN] Kotlin compilation 'jdkHome' argument: null
Options for KOTLIN DAEMON: IncrementalCompilationOptions(super=CompilationOptions(compilerMode=INCREMENTAL_COMPILER, targetPlatform=JVM, reportCategories=[0, 3], reportSeverity=2, requestedCompilationResults=[0], kotlinScriptExtensions=[]), areFileChangesKnown=false, modifiedFiles=null, deletedFiles=null, classpathChanges=NotAvailableForNonIncrementalRun, workingDir=C:\Users\USER\AndroidStudioProjects\MvvmNexus\app\build\kotlin\compileDebugKotlin\cacheable, multiModuleICSettings=MultiModuleICSettings(buildHistoryFile=C:\Users\USER\AndroidStudioProjects\MvvmNexus\app\build\kotlin\compileDebugKotlin\local-state\build-history.bin, useModuleDetection=true), usePreciseJavaTracking=true, icFeatures=IncrementalCompilationFeatures(withAbiSnapshot=false, preciseCompilationResultsBackup=true, keepIncrementalCompilationCachesInMemory=true, enableUnsafeIncrementalCompilationForMultiplatform=false), outputFiles=[C:\Users\USER\AndroidStudioProjects\MvvmNexus\app\build\tmp\kotlin-classes\debug, C:\Users\USER\AndroidStudioProjects\MvvmNexus\app\build\kotlin\compileDebugKotlin\cacheable, C:\Users\USER\AndroidStudioProjects\MvvmNexus\app\build\kotlin\compileDebugKotlin\local-state])
e: file:///C:/Users/USER/Andr
oidStudioProjects/MvvmNexus/a
pp/src/main/java/com/wilder/m
vvmnexus/presentation/compose
/screens/CartScreen.kt:10:47 
Unresolved reference 
'Remove'.
e: file:///C:/Users/USER/Andr
oidStudioProjects/MvvmNexus/a
pp/src/main/java/com/wilder/m
vvmnexus/presentation/compose
/screens/CartScreen.kt:126:40
 Unresolved reference 
'Remove'.
Finished executing kotlin compiler using DAEMON strategy

FAILURE: Build failed with 
an exception.

* What went wrong:
Execution failed for task 
':app:compileDebugKotlin'.
> A failure occurred while 
executing org.jetbrains.kotli
n.compilerRunner.GradleCompil
erRunnerWithWorkers$GradleKot
linCompilerWorkAction
   > Compilation error. See 
log for more details

* Try:
> Run with --stacktrace 
option to get the stack 
trace.
> Run with --debug option to 
get more log output.
> Run with --scan to get 
full insights.
> Get more help at 
https://help.gradle.org.

BUILD FAILED in 2s
18 actionable tasks: 1 executed, 17 up-to-date
Watched directory hierarchies: [C:\Users\USER\AndroidStudioProjects\MvvmNexus]
