./gradlew : WARNING: A 
restricted method in 
java.lang.System has been 
called
En línea: 1 Carácter: 1
+ ./gradlew 
:app:compileDebugKotlin 
--warning-mode all 2>&1 | 
Out-File  ...
+ ~~~~~~~~~~~~~~~~~~~~~~~~~~~
~~~~~~~~~~~~~~~~~~~~~~~~~~~~~
~
    + CategoryInfo           
   : NotSpecified: (WARNING  
  : A rest...has been call   
 ed:String) [], RemoteExc    
eption
    + FullyQualifiedErrorId  
   : NativeCommandError
 
WARNING: 
java.lang.System::load has 
been called by net.rubygrapef
ruit.platform.internal.Native
LibraryLoader in an unnamed 
module (file:/C:/Users/USER/.
gradle/wrapper/dists/gradle-8
.13-bin/5xuhj0ry160q40clulazy
9h7d/gradle-8.13/lib/native-p
latform-0.22-milestone-28.jar
)
WARNING: Use --enable-native-
access=ALL-UNNAMED to avoid 
a warning for callers in 
this module
WARNING: Restricted methods 
will be blocked in a future 
release unless native access 
is enabled

> Task :app:checkKotlinGradlePluginConfigurationErrors SKIPPED
> Task :app:preBuild UP-TO-DATE
> Task :app:preDebugBuild UP-TO-DATE
> Task :app:checkDebugAarMetadata UP-TO-DATE
> Task :app:processDebugNavigationResources UP-TO-DATE
> Task :app:compileDebugNavigationResources UP-TO-DATE
> Task :app:generateDebugResValues UP-TO-DATE
> Task :app:processDebugGoogleServices UP-TO-DATE
> Task :app:mapDebugSourceSetPaths UP-TO-DATE
> Task :app:generateDebugResources UP-TO-DATE
> Task :app:mergeDebugResources UP-TO-DATE
> Task :app:packageDebugResources UP-TO-DATE
> Task :app:parseDebugLocalResources UP-TO-DATE
> Task :app:createDebugCompatibleScreenManifests UP-TO-DATE
> Task :app:extractDeepLinksDebug UP-TO-DATE
> Task :app:processDebugMainManifest UP-TO-DATE
> Task :app:processDebugManifest UP-TO-DATE
> Task :app:processDebugManifestForPackage UP-TO-DATE
> Task :app:processDebugResources UP-TO-DATE
> Task :app:kspDebugKotlin UP-TO-DATE

> Task :app:compileDebugKotlin FAILED
e: file:///C:/Users/USER/Andr
oidStudioProjects/MvvmNexus/a
pp/src/main/java/com/wilder/m
vvmnexus/data/repository/Repo
sitorioFirebaseAuth.kt:121:42
 Return type of 
'cerrarSesion' is not a 
subtype of the return type 
of the overridden member 
'suspend fun cerrarSesion(): 
Unit' defined in 'com/wilder/
mvvmnexus/domain/repository/R
epositorioAuth'.
e: file:///C:/Users/USER/Andr
oidStudioProjects/MvvmNexus/a
pp/src/main/java/com/wilder/m
vvmnexus/presentation/compose
/screens/CartScreen.kt:10:47 
Unresolved reference 
'Remove'.
e: file:///C:/Users/USER/Andr
oidStudioProjects/MvvmNexus/a
pp/src/main/java/com/wilder/m
vvmnexus/presentation/compose
/screens/CartScreen.kt:126:40
 Unresolved reference 
'Remove'.

FAILURE: Build failed with 
an exception.

* What went wrong:
Execution failed for task 
':app:compileDebugKotlin'.
> A failure occurred while 
executing org.jetbrains.kotli
n.compilerRunner.GradleCompil
erRunnerWithWorkers$GradleKot
linCompilerWorkAction
   > Compilation error. See 
log for more details

* Try:
> Run with --stacktrace 
option to get the stack 
trace.
> Run with --info or --debug 
option to get more log 
output.
> Run with --scan to get 
full insights.
> Get more help at 
https://help.gradle.org.

BUILD FAILED in 2s
18 actionable tasks: 1 executed, 17 up-to-date
